[16:35:09] [ServerMain/INFO]: Environment: Environment[sessionHost=https://sessionserver.mojang.com, servicesHost=https://api.minecraftservices.com, name=PROD]
[16:35:15] [ServerMain/INFO]: Loaded 1373 recipes
[16:35:15] [ServerMain/INFO]: Loaded 1484 advancements
[16:35:15] [Server thread/INFO]: Starting minecraft server version 1.21.5
[16:35:15] [Server thread/INFO]: Loading properties
[16:35:15] [Server thread/INFO]: Default game type: SURVIVAL
[16:35:15] [Server thread/INFO]: Generating keypair
[16:35:15] [Server thread/INFO]: Starting Minecraft server on *:25565
[16:35:16] [Server thread/INFO]: Using epoll channel type
[16:35:16] [Server thread/WARN]: **** SERVER IS RUNNING IN OFFLINE/INSECURE MODE!
[16:35:16] [Server thread/WARN]: The server will make no attempt to authenticate usernames. Beware.
[16:35:16] [Server thread/WARN]: While this makes the game possible to play without internet access, it also opens up the ability for hackers to connect with any username they choose.
[16:35:16] [Server thread/WARN]: To change this, set "online-mode" to "true" in the server.properties file.
[16:35:16] [Server thread/INFO]: Preparing level "world"
[16:35:17] [Server thread/INFO]: Preparing start region for dimension minecraft:overworld
[16:35:32] [Worker-Main-1/INFO]: Preparing spawn area: 0%
[16:35:32] [Worker-Main-1/INFO]: Preparing spawn area: 0%
[16:35:32] [Worker-Main-1/INFO]: Preparing spawn area: 0%
[16:35:32] [Worker-Main-1/INFO]: Preparing spawn area: 0%
[16:35:32] [Worker-Main-1/INFO]: Preparing spawn area: 0%
[16:35:32] [Worker-Main-1/INFO]: Preparing spawn area: 0%
[16:35:32] [Worker-Main-1/INFO]: Preparing spawn area: 0%
[16:35:32] [Worker-Main-1/INFO]: Preparing spawn area: 0%
[16:35:32] [Worker-Main-1/INFO]: Preparing spawn area: 0%
[16:35:32] [Worker-Main-1/INFO]: Preparing spawn area: 0%
[16:35:32] [Worker-Main-1/INFO]: Preparing spawn area: 0%
[16:35:32] [Worker-Main-1/INFO]: Preparing spawn area: 0%
[16:35:32] [Worker-Main-1/INFO]: Preparing spawn area: 0%
[16:35:32] [Worker-Main-1/INFO]: Preparing spawn area: 0%
[16:35:32] [Worker-Main-1/INFO]: Preparing spawn area: 0%
[16:35:32] [Worker-Main-1/INFO]: Preparing spawn area: 0%
[16:35:32] [Worker-Main-1/INFO]: Preparing spawn area: 0%
[16:35:32] [Worker-Main-1/INFO]: Preparing spawn area: 0%
[16:35:32] [Worker-Main-1/INFO]: Preparing spawn area: 0%
[16:35:32] [Worker-Main-1/INFO]: Preparing spawn area: 0%
[16:35:32] [Worker-Main-1/INFO]: Preparing spawn area: 0%
[16:35:32] [Worker-Main-1/INFO]: Preparing spawn area: 0%
[16:35:32] [Worker-Main-1/INFO]: Preparing spawn area: 0%
[16:35:32] [Worker-Main-1/INFO]: Preparing spawn area: 0%
[16:35:32] [Worker-Main-1/INFO]: Preparing spawn area: 0%
[16:35:32] [Worker-Main-1/INFO]: Preparing spawn area: 0%
[16:35:32] [Worker-Main-1/INFO]: Preparing spawn area: 0%
[16:35:32] [Worker-Main-1/INFO]: Preparing spawn area: 0%
[16:35:32] [Worker-Main-1/INFO]: Preparing spawn area: 0%
[16:35:32] [Worker-Main-1/INFO]: Preparing spawn area: 0%
[16:35:32] [Worker-Main-1/INFO]: Preparing spawn area: 0%
[16:35:32] [Worker-Main-1/INFO]: Preparing spawn area: 0%
[16:35:33] [Server thread/INFO]: Time elapsed: 16050 ms
[16:35:33] [Server thread/INFO]: Done (16.987s)! For help, type "help"
[16:36:33] [Server thread/INFO]: Server empty for 60 seconds, pausing
[16:41:23] [Server thread/INFO]: [Not Secure] [Server] asd
[16:43:15] [Server thread/INFO]: CuCoasies[/127.202.183.42:60597] logged in with entity id 14 at (2425.780521024281, 64.0, -309.7581157254326)
[16:43:15] [Server thread/INFO]: [☠] CuCoasies joined the game
[16:58:07] [Server thread/WARN]: Mismatch in destroy block pos: iw{x=2455, y=64, z=-277} iw{x=2456, y=63, z=-277}
[17:00:01] [Server thread/WARN]: CuCoasies moved wrongly!
[17:05:56] [Server thread/INFO]: [Not Secure] [Server] s
[17:10:13] [Server thread/INFO]: [Not Secure] <[☠] CuCoasies> puto
[17:46:10] [Server thread/WARN]: CuCoasies moved wrongly!
[18:25:14] [Server thread/INFO]: [☠] CuCoasies drowned
[18:34:38] [Server thread/INFO]: AllHailLelouch69[/127.17.199.77:49843] logged in with entity id 32967 at (270.5, 66.0, -441.5)
[18:34:38] [Server thread/INFO]: AllHailLelouch69 joined the game
[18:34:42] [Server thread/INFO]: [Not Secure] <[☠] CuCoasies> ??
[18:34:47] [Server thread/INFO]: [Not Secure] <AllHailLelouch69> marica
[18:34:57] [Server thread/INFO]: [Not Secure] <AllHailLelouch69> soy yo
[18:35:03] [Server thread/INFO]: [Not Secure] <AllHailLelouch69> estoy en la laptop de mi jfa
[18:35:06] [Server thread/INFO]: [Not Secure] <[☠] CuCoasies> tu puta
[18:35:12] [Server thread/INFO]: [Not Secure] <[☠] CuCoasies> dile a yerkoff q te tepe
[18:35:18] [Server thread/INFO]: Incorrect argument for command
[18:35:18] [Server thread/INFO]: tp asay no hablen mierda mej oden elc omando<--[HERE]
[18:35:25] [Server thread/INFO]: [Not Secure] [Server] no hablen mierda me joden el comando
[18:35:40] [Server thread/INFO]: Teleported AllHailLelouch69 to [☠] CuCoasies
[18:35:52] [Server thread/INFO]: Unknown team 'allhaillelouch69'
[18:36:00] [Server thread/INFO]: Added 2 members to team [[HSYM]]
[18:36:29] [Server thread/INFO]: [☠] AllHailLelouch69 has made the advancement [Acquire Hardware]
[18:37:01] [Server thread/INFO]: [Not Secure] <[☠] AllHailLelouch69> dame diamantes we
[18:37:20] [Server thread/INFO]: [Not Secure] <[☠] CuCoasies> te va a costar una mamade d verga we
[18:37:26] [Server thread/INFO]: [Not Secure] <[☠] AllHailLelouch69> okey pana
[18:37:32] [Server thread/INFO]: [Not Secure] <[☠] CuCoasies> toma
[18:37:43] [Server thread/INFO]: [☠] AllHailLelouch69 has made the advancement [Diamonds!]
[18:37:44] [Server thread/INFO]: [Not Secure] <[☠] AllHailLelouch69> gracisad
[18:37:46] [Server thread/INFO]: [Not Secure] <[☠] CuCoasies> ahi tienes pa q mines we
[18:37:50] [Server thread/INFO]: Kuzzpijon[/127.115.168.57:34895] logged in with entity id 33747 at (2417.5, 65.0, -354.5)
[18:37:50] [Server thread/INFO]: [☠] Kuzzpijon joined the game
[18:37:54] [Server thread/INFO]: [☠] AllHailLelouch69 has made the advancement [Suit Up]
[18:37:56] [Server thread/INFO]: [Not Secure] <[☠] CuCoasies> ya vino este puto
[18:38:10] [Server thread/INFO]: [Not Secure] <[☠] Kuzzpijon> hola cuco soy el trabajo
[18:38:21] [Server thread/INFO]: [Not Secure] <[☠] CuCoasies> trabajador sexual seras xd
[18:38:30] [Server thread/INFO]: [Not Secure] <[☠] Kuzzpijon> trabajo para tu mamacita
[18:38:38] [Server thread/INFO]: [Not Secure] <[☠] CuCoasies> parala de random bro
[18:38:44] [Server thread/INFO]: [Not Secure] <[☠] Kuzzpijon> no me gustan lkas usadas
[18:38:51] [Server thread/INFO]: [Not Secure] <[☠] Kuzzpijon> donde esta allhaillelouch
[18:40:54] [Server thread/INFO]: [Not Secure] <[☠] AllHailLelouch69> y la mesa de encanta?
[18:41:01] [Server thread/INFO]: [Not Secure] <[☠] CuCoasies> no hay
[18:41:03] [Server thread/INFO]: [Not Secure] <[☠] AllHailLelouch69> y la granja de mobs?
[18:41:05] [Server thread/INFO]: [Not Secure] <[☠] Kuzzpijon> yerko se la dio al pendejo de vorpi
[18:41:10] [Server thread/INFO]: [Not Secure] <[☠] Kuzzpijon> y el pendejo se desconecto
[18:41:15] [Server thread/INFO]: [Not Secure] <[☠] CuCoasies> estos pendejos no quieren ir al end a farmear las ciudades
[18:41:18] [Server thread/INFO]: [Not Secure] <[☠] CuCoasies> piensan q vamos a terminar el juego
[18:41:29] [Server thread/INFO]: [Not Secure] <[☠] Kuzzpijon> yo terminare en tu boca bro xdd
[18:41:37] [Server thread/INFO]: [☠] AllHailLelouch69 has made the advancement [Stone Age]
[18:43:20] [Server thread/INFO]: [Not Secure] <[☠] AllHailLelouch69> we hare una granja de mobs
[18:43:23] [Server thread/INFO]: [Not Secure] <[☠] CuCoasies> anda mina we
[18:43:35] [Server thread/INFO]: [Not Secure] <[☠] CuCoasies> de ahi me dices para decirte donde lo pones
[18:43:43] [Server thread/INFO]: [Not Secure] <[☠] AllHailLelouch69> quiero enfortunar mi pico y ya ir a minar we
[18:43:44] [Server thread/INFO]: [Not Secure] <[☠] CuCoasies> pq ya todos los terrenos los tengo fijos para algo
[18:43:50] [Server thread/INFO]: [Not Secure] <[☠] CuCoasies> dile a vorpi q se coneta
[18:43:58] [Server thread/INFO]: [Not Secure] <[☠] Kuzzpijon> y todavia falta la granja de ierro
[18:44:03] [Server thread/INFO]: [Not Secure] <[☠] AllHailLelouch69> pero la cosa q para tener la xp
[18:45:58] [Server thread/INFO]: [Not Secure] <[☠] AllHailLelouch69> la hare aca ya fue
[18:45:59] [Server thread/INFO]: [Not Secure] <[☠] CuCoasies> salaverga dbmos alumbrar
[18:46:00] [Server thread/INFO]: [☠] AllHailLelouch69 has made the advancement [Monster Hunter]
